<?xml version="1.0" encoding="UTF-8"?>
<!-- Generated by org.testng.reporters.JUnitReportReporter -->
<testsuite skipped="0" hostname="SSTLAP095" name="org.emp.Mail_Send3" tests="2" failures="0" timestamp="15 Nov 2022 05:42:45 GMT" time="32.690" errors="0">
  <testcase name="BrowserLaunch" time="31.207" classname="org.emp.Mail_Send3"/>
  <testcase name="sendmail" time="1.483" classname="org.emp.Mail_Send3"/>
</testsuite> <!-- org.emp.Mail_Send3 -->
