<?xml version="1.0" encoding="UTF-8"?>
<!-- Generated by org.testng.reporters.JUnitReportReporter -->
<testsuite skipped="0" hostname="SSTLAP095" name="org.emp.mail_send2" tests="1" failures="0" timestamp="14 Nov 2022 09:37:23 GMT" time="9.078" errors="0">
  <testcase name="sendmail" time="9.078" classname="org.emp.mail_send2"/>
</testsuite> <!-- org.emp.mail_send2 -->
