<?xml version="1.0" encoding="UTF-8"?>
<!-- Generated by org.testng.reporters.JUnitReportReporter -->
<testsuite skipped="0" hostname="SSTLAP357" name="org.emp.mail_send" tests="1" failures="0" timestamp="22 Jan 2024 10:59:12 GMT" time="1.695" errors="0">
  <testcase name="sendmail" time="1.695" classname="org.emp.mail_send"/>
</testsuite> <!-- org.emp.mail_send -->
